2025-09-15T06:00:30-05:00 [INFO] (codacy-cli-v2/cli-v2.go:27) Starting Codacy CLI version=1.0.0-main.356.sha.ee1b0e6 (ee1b0e6) built at 2025-09-04T15:20:51Z
2025-09-15T06:00:30-05:00 [INFO] (codacy-cli-v2/cli-v2.go:55) No configuration file was found, execute init command first.
2025-09-15T09:19:29-05:00 [INFO] (codacy-cli-v2/cli-v2.go:27) Starting Codacy CLI version=1.0.0-main.356.sha.ee1b0e6 (ee1b0e6) built at 2025-09-04T15:20:51Z
2025-09-15T09:19:29-05:00 [INFO] (codacy-cli-v2/cmd/root.go:34) Executing CLI command args=[] command=init full_command=[/Users/markjedrzejczyk/Library/Caches/Codacy/codacy-cli-v2/1.0.0-main.356.sha.ee1b0e6/codacy-cli-v2 init --provider gh --organization avinson --repository rom24-quickmud --api-token ***]
2025-09-15T17:42:32-05:00 [INFO] (codacy-cli-v2/cli-v2.go:27) Starting Codacy CLI version=1.0.0-main.356.sha.ee1b0e6 (ee1b0e6) built at 2025-09-04T15:20:51Z
2025-09-15T17:42:32-05:00 [INFO] (codacy-cli-v2/cli-v2.go:55) No configuration file was found, execute init command first.
2025-09-15T17:42:37-05:00 [INFO] (codacy-cli-v2/cli-v2.go:27) Starting Codacy CLI version=1.0.0-main.356.sha.ee1b0e6 (ee1b0e6) built at 2025-09-04T15:20:51Z
2025-09-15T17:42:37-05:00 [INFO] (codacy-cli-v2/cmd/root.go:34) Executing CLI command full_command=[/Users/markjedrzejczyk/Library/Caches/Codacy/codacy-cli-v2/1.0.0-main.356.sha.ee1b0e6/codacy-cli-v2 init --provider gh --organization avinson --repository rom24-quickmud --api-token ***] args=[] command=init
2025-09-15T18:01:26-05:00 [INFO] (codacy-cli-v2/cli-v2.go:27) Starting Codacy CLI version=1.0.0-main.356.sha.ee1b0e6 (ee1b0e6) built at 2025-09-04T15:20:51Z
2025-09-15T18:01:26-05:00 [INFO] (codacy-cli-v2/cmd/root.go:34) Executing CLI command command=init full_command=[/Users/markjedrzejczyk/Library/Caches/Codacy/codacy-cli-v2/1.0.0-main.356.sha.ee1b0e6/codacy-cli-v2 init --provider gh --organization avinson --repository rom24-quickmud --api-token ***] args=[]
2025-09-15T18:17:29-05:00 [INFO] (codacy-cli-v2/cli-v2.go:27) Starting Codacy CLI version=1.0.0-main.356.sha.ee1b0e6 (ee1b0e6) built at 2025-09-04T15:20:51Z
2025-09-15T18:17:29-05:00 [INFO] (codacy-cli-v2/cmd/root.go:34) Executing CLI command command=init full_command=[/Users/markjedrzejczyk/Library/Caches/Codacy/codacy-cli-v2/1.0.0-main.356.sha.ee1b0e6/codacy-cli-v2 init --provider gh --organization avinson --repository rom24-quickmud --api-token ***] args=[]
2025-09-15T18:37:47-05:00 [INFO] (codacy-cli-v2/cli-v2.go:27) Starting Codacy CLI version=1.0.0-main.356.sha.ee1b0e6 (ee1b0e6) built at 2025-09-04T15:20:51Z
2025-09-15T18:37:47-05:00 [INFO] (codacy-cli-v2/cmd/root.go:34) Executing CLI command full_command=[/Users/markjedrzejczyk/Library/Caches/Codacy/codacy-cli-v2/1.0.0-main.356.sha.ee1b0e6/codacy-cli-v2 init --provider gh --organization avinson --repository rom24-quickmud --api-token ***] args=[] command=init
2025-09-15T18:43:17-05:00 [INFO] (codacy-cli-v2/cli-v2.go:27) Starting Codacy CLI version=1.0.0-main.356.sha.ee1b0e6 (ee1b0e6) built at 2025-09-04T15:20:51Z
2025-09-15T18:43:17-05:00 [INFO] (codacy-cli-v2/cmd/root.go:34) Executing CLI command command=init full_command=[/Users/markjedrzejczyk/Library/Caches/Codacy/codacy-cli-v2/1.0.0-main.356.sha.ee1b0e6/codacy-cli-v2 init --provider gh --organization avinson --repository rom24-quickmud --api-token ***] args=[]
2025-09-15T19:52:10-05:00 [INFO] (codacy-cli-v2/cli-v2.go:27) Starting Codacy CLI version=1.0.0-main.356.sha.ee1b0e6 (ee1b0e6) built at 2025-09-04T15:20:51Z
2025-09-15T19:52:10-05:00 [INFO] (codacy-cli-v2/cmd/root.go:34) Executing CLI command command=init full_command=[/Users/markjedrzejczyk/Library/Caches/Codacy/codacy-cli-v2/1.0.0-main.356.sha.ee1b0e6/codacy-cli-v2 init --provider gh --organization avinson --repository rom24-quickmud --api-token ***] args=[]
2025-09-15T19:52:17-05:00 [INFO] (codacy-cli-v2/cli-v2.go:27) Starting Codacy CLI version=1.0.0-main.356.sha.ee1b0e6 (ee1b0e6) built at 2025-09-04T15:20:51Z
2025-09-15T19:52:17-05:00 [INFO] (codacy-cli-v2/cmd/root.go:34) Executing CLI command full_command=[/Users/markjedrzejczyk/Library/Caches/Codacy/codacy-cli-v2/1.0.0-main.356.sha.ee1b0e6/codacy-cli-v2 init --provider gh --organization avinson --repository rom24-quickmud --api-token ***] args=[] command=init
2025-09-15T19:52:25-05:00 [INFO] (codacy-cli-v2/cli-v2.go:27) Starting Codacy CLI version=1.0.0-main.356.sha.ee1b0e6 (ee1b0e6) built at 2025-09-04T15:20:51Z
2025-09-15T19:52:25-05:00 [INFO] (codacy-cli-v2/cmd/root.go:34) Executing CLI command command=init full_command=[/Users/markjedrzejczyk/Library/Caches/Codacy/codacy-cli-v2/1.0.0-main.356.sha.ee1b0e6/codacy-cli-v2 init --provider gh --organization avinson --repository rom24-quickmud --api-token ***] args=[]
2025-09-15T20:03:53-05:00 [INFO] (codacy-cli-v2/cli-v2.go:27) Starting Codacy CLI version=1.0.0-main.356.sha.ee1b0e6 (ee1b0e6) built at 2025-09-04T15:20:51Z
2025-09-15T20:03:53-05:00 [INFO] (codacy-cli-v2/cmd/root.go:34) Executing CLI command full_command=[/Users/markjedrzejczyk/Library/Caches/Codacy/codacy-cli-v2/1.0.0-main.356.sha.ee1b0e6/codacy-cli-v2 init --provider gh --organization avinson --repository rom24-quickmud --api-token ***] args=[] command=init
2025-09-15T20:28:24-05:00 [INFO] (codacy-cli-v2/cli-v2.go:27) Starting Codacy CLI version=1.0.0-main.356.sha.ee1b0e6 (ee1b0e6) built at 2025-09-04T15:20:51Z
2025-09-15T20:28:24-05:00 [INFO] (codacy-cli-v2/cmd/root.go:34) Executing CLI command command=init full_command=[/Users/markjedrzejczyk/Library/Caches/Codacy/codacy-cli-v2/1.0.0-main.356.sha.ee1b0e6/codacy-cli-v2 init --provider gh --organization avinson --repository rom24-quickmud --api-token ***] args=[]
2025-09-15T20:28:28-05:00 [INFO] (codacy-cli-v2/cli-v2.go:27) Starting Codacy CLI version=1.0.0-main.356.sha.ee1b0e6 (ee1b0e6) built at 2025-09-04T15:20:51Z
2025-09-15T20:28:28-05:00 [INFO] (codacy-cli-v2/cmd/root.go:34) Executing CLI command full_command=[/Users/markjedrzejczyk/Library/Caches/Codacy/codacy-cli-v2/1.0.0-main.356.sha.ee1b0e6/codacy-cli-v2 init --provider gh --organization avinson --repository rom24-quickmud --api-token ***] args=[] command=init
2025-09-15T20:28:33-05:00 [INFO] (codacy-cli-v2/cli-v2.go:27) Starting Codacy CLI version=1.0.0-main.356.sha.ee1b0e6 (ee1b0e6) built at 2025-09-04T15:20:51Z
2025-09-15T20:28:33-05:00 [INFO] (codacy-cli-v2/cmd/root.go:34) Executing CLI command args=[] command=init full_command=[/Users/markjedrzejczyk/Library/Caches/Codacy/codacy-cli-v2/1.0.0-main.356.sha.ee1b0e6/codacy-cli-v2 init --provider gh --organization avinson --repository rom24-quickmud --api-token ***]
2025-09-15T20:40:16-05:00 [INFO] (codacy-cli-v2/cli-v2.go:27) Starting Codacy CLI version=1.0.0-main.356.sha.ee1b0e6 (ee1b0e6) built at 2025-09-04T15:20:51Z
2025-09-15T20:40:16-05:00 [INFO] (codacy-cli-v2/cmd/root.go:34) Executing CLI command args=[] command=init full_command=[/Users/markjedrzejczyk/Library/Caches/Codacy/codacy-cli-v2/1.0.0-main.356.sha.ee1b0e6/codacy-cli-v2 init --provider gh --organization avinson --repository rom24-quickmud --api-token ***]
2025-09-15T20:51:29-05:00 [INFO] (codacy-cli-v2/cli-v2.go:27) Starting Codacy CLI version=1.0.0-main.356.sha.ee1b0e6 (ee1b0e6) built at 2025-09-04T15:20:51Z
2025-09-15T20:51:29-05:00 [INFO] (codacy-cli-v2/cmd/root.go:34) Executing CLI command command=init full_command=[/Users/markjedrzejczyk/Library/Caches/Codacy/codacy-cli-v2/1.0.0-main.356.sha.ee1b0e6/codacy-cli-v2 init --provider gh --organization avinson --repository rom24-quickmud --api-token ***] args=[]
