social.are
help.json
smurf.json
plains.json
ofcol2.json
olympus.json
air.json
shire.json
immort.json
hitower.json
gnome.json
wyvern.json
catacomb.json
hood.json
draconia.json
mahntor.json
trollden.json
midgaard.json
chapel.json
midennir.json
grave.json
school.json
moria.json
eastern.json
drow.json
thalos.json
mirror.json
ofcol.json
haon.json
arachnos.json
dwarven.json
daycare.json
quifael.json
sewer.json
astral.json
valley.json
redferne.json
mega1.json
marsh.json
dream.json
pyramid.json
grove.json
nirvana.json
dylan.json
canyon.json
galaxy.json
mobfact.json
newthalos.json
tohell.json
/private/var/folders/tw/v15jgg3d2r752t8y9tyb4j4r0000gn/T/pytest-of-markjedrzejczyk/pytest-25/test_asave_area_exact_message0/test_014.json
$
